2025/05/21 01:39:58 [notice] 1#1: using the "epoll" event method
2025/05/21 01:39:58 [notice] 1#1: nginx/1.27.3
2025/05/21 01:39:58 [notice] 1#1: built by gcc 13.2.1 20240309 (Alpine 13.2.1_git20240309) 
2025/05/21 01:39:58 [notice] 1#1: OS: Linux 6.5.11-linuxkit
2025/05/21 01:39:58 [notice] 1#1: getrlimit(RLIMIT_NOFILE): 1048576:1048576
2025/05/21 01:39:58 [notice] 1#1: start worker processes
2025/05/21 01:39:58 [notice] 1#1: start worker process 29
2025/05/21 01:39:58 [notice] 1#1: start worker process 30
2025/05/21 01:39:58 [notice] 1#1: start worker process 31
2025/05/21 01:39:58 [notice] 1#1: start worker process 32
2025/05/21 01:39:58 [notice] 1#1: start worker process 33
2025/05/21 01:39:58 [notice] 1#1: start worker process 34
2025/05/21 01:39:58 [notice] 1#1: start worker process 35
2025/05/21 01:39:58 [notice] 1#1: start worker process 36
2025/05/21 01:49:32 [notice] 1#1: signal 3 (SIGQUIT) received, shutting down
2025/05/21 01:49:32 [notice] 29#29: gracefully shutting down
2025/05/21 01:49:32 [notice] 30#30: gracefully shutting down
2025/05/21 01:49:32 [notice] 31#31: gracefully shutting down
2025/05/21 01:49:32 [notice] 35#35: gracefully shutting down
2025/05/21 01:49:32 [notice] 33#33: gracefully shutting down
2025/05/21 01:49:32 [notice] 36#36: gracefully shutting down
2025/05/21 01:49:32 [notice] 36#36: exiting
2025/05/21 01:49:32 [notice] 32#32: gracefully shutting down
2025/05/21 01:49:32 [notice] 34#34: gracefully shutting down
2025/05/21 01:49:32 [notice] 34#34: exiting
2025/05/21 01:49:32 [notice] 29#29: exiting
2025/05/21 01:49:32 [notice] 30#30: exiting
2025/05/21 01:49:32 [notice] 31#31: exiting
2025/05/21 01:49:32 [notice] 35#35: exiting
2025/05/21 01:49:32 [notice] 33#33: exiting
2025/05/21 01:49:32 [notice] 36#36: exit
2025/05/21 01:49:32 [notice] 32#32: exiting
2025/05/21 01:49:32 [notice] 34#34: exit
2025/05/21 01:49:32 [notice] 29#29: exit
2025/05/21 01:49:32 [notice] 30#30: exit
2025/05/21 01:49:32 [notice] 31#31: exit
2025/05/21 01:49:32 [notice] 35#35: exit
2025/05/21 01:49:32 [notice] 33#33: exit
2025/05/21 01:49:32 [notice] 32#32: exit
2025/05/21 01:49:32 [notice] 1#1: signal 17 (SIGCHLD) received from 29
2025/05/21 01:49:32 [notice] 1#1: worker process 29 exited with code 0
2025/05/21 01:49:32 [notice] 1#1: signal 29 (SIGIO) received
2025/05/21 01:49:32 [notice] 1#1: signal 17 (SIGCHLD) received from 32
2025/05/21 01:49:32 [notice] 1#1: worker process 30 exited with code 0
2025/05/21 01:49:32 [notice] 1#1: worker process 31 exited with code 0
2025/05/21 01:49:32 [notice] 1#1: worker process 32 exited with code 0
2025/05/21 01:49:32 [notice] 1#1: worker process 33 exited with code 0
2025/05/21 01:49:32 [notice] 1#1: worker process 35 exited with code 0
2025/05/21 01:49:32 [notice] 1#1: signal 29 (SIGIO) received
2025/05/21 01:49:32 [notice] 1#1: signal 17 (SIGCHLD) received from 34
2025/05/21 01:49:32 [notice] 1#1: worker process 34 exited with code 0
2025/05/21 01:49:32 [notice] 1#1: worker process 36 exited with code 0
2025/05/21 01:49:32 [notice] 1#1: exit
2025/05/21 01:49:40 [notice] 1#1: using the "epoll" event method
2025/05/21 01:49:40 [notice] 1#1: nginx/1.27.3
2025/05/21 01:49:40 [notice] 1#1: built by gcc 13.2.1 20240309 (Alpine 13.2.1_git20240309) 
2025/05/21 01:49:40 [notice] 1#1: OS: Linux 6.5.11-linuxkit
2025/05/21 01:49:40 [notice] 1#1: getrlimit(RLIMIT_NOFILE): 1048576:1048576
2025/05/21 01:49:40 [notice] 1#1: start worker processes
2025/05/21 01:49:40 [notice] 1#1: start worker process 28
2025/05/21 01:49:40 [notice] 1#1: start worker process 29
2025/05/21 01:49:40 [notice] 1#1: start worker process 30
2025/05/21 01:49:40 [notice] 1#1: start worker process 31
2025/05/21 01:49:40 [notice] 1#1: start worker process 32
2025/05/21 01:49:40 [notice] 1#1: start worker process 33
2025/05/21 01:49:40 [notice] 1#1: start worker process 34
2025/05/21 01:49:40 [notice] 1#1: start worker process 35
2025/05/21 01:54:09 [notice] 1#1: signal 3 (SIGQUIT) received, shutting down
2025/05/21 01:54:09 [notice] 28#28: gracefully shutting down
2025/05/21 01:54:09 [notice] 31#31: gracefully shutting down
2025/05/21 01:54:09 [notice] 33#33: gracefully shutting down
2025/05/21 01:54:09 [notice] 32#32: gracefully shutting down
2025/05/21 01:54:09 [notice] 35#35: gracefully shutting down
2025/05/21 01:54:09 [notice] 35#35: exiting
2025/05/21 01:54:09 [notice] 30#30: gracefully shutting down
2025/05/21 01:54:09 [notice] 29#29: gracefully shutting down
2025/05/21 01:54:09 [notice] 34#34: gracefully shutting down
2025/05/21 01:54:09 [notice] 28#28: exiting
2025/05/21 01:54:09 [notice] 31#31: exiting
2025/05/21 01:54:09 [notice] 33#33: exiting
2025/05/21 01:54:09 [notice] 32#32: exiting
2025/05/21 01:54:09 [notice] 35#35: exit
2025/05/21 01:54:09 [notice] 30#30: exiting
2025/05/21 01:54:09 [notice] 29#29: exiting
2025/05/21 01:54:09 [notice] 34#34: exiting
2025/05/21 01:54:09 [notice] 30#30: exit
2025/05/21 01:54:09 [notice] 28#28: exit
2025/05/21 01:54:09 [notice] 31#31: exit
2025/05/21 01:54:09 [notice] 33#33: exit
2025/05/21 01:54:09 [notice] 34#34: exit
2025/05/21 01:54:09 [notice] 32#32: exit
2025/05/21 01:54:09 [notice] 29#29: exit
2025/05/21 01:54:09 [notice] 1#1: signal 17 (SIGCHLD) received from 35
2025/05/21 01:54:09 [notice] 1#1: worker process 28 exited with code 0
2025/05/21 01:54:09 [notice] 1#1: worker process 35 exited with code 0
2025/05/21 01:54:09 [notice] 1#1: worker process 30 exited with code 0
2025/05/21 01:54:09 [notice] 1#1: signal 29 (SIGIO) received
2025/05/21 01:54:09 [notice] 1#1: signal 17 (SIGCHLD) received from 28
2025/05/21 01:54:09 [notice] 1#1: signal 17 (SIGCHLD) received from 34
2025/05/21 01:54:09 [notice] 1#1: worker process 31 exited with code 0
2025/05/21 01:54:09 [notice] 1#1: worker process 34 exited with code 0
2025/05/21 01:54:09 [notice] 1#1: signal 29 (SIGIO) received
2025/05/21 01:54:09 [notice] 1#1: signal 17 (SIGCHLD) received from 33
2025/05/21 01:54:09 [notice] 1#1: worker process 32 exited with code 0
2025/05/21 01:54:09 [notice] 1#1: worker process 33 exited with code 0
2025/05/21 01:54:09 [notice] 1#1: signal 29 (SIGIO) received
2025/05/21 01:54:09 [notice] 1#1: signal 17 (SIGCHLD) received from 29
2025/05/21 01:54:09 [notice] 1#1: worker process 29 exited with code 0
2025/05/21 01:54:09 [notice] 1#1: exit
2025/05/21 01:54:20 [notice] 1#1: using the "epoll" event method
2025/05/21 01:54:20 [notice] 1#1: nginx/1.27.3
2025/05/21 01:54:20 [notice] 1#1: built by gcc 13.2.1 20240309 (Alpine 13.2.1_git20240309) 
2025/05/21 01:54:20 [notice] 1#1: OS: Linux 6.5.11-linuxkit
2025/05/21 01:54:20 [notice] 1#1: getrlimit(RLIMIT_NOFILE): 1048576:1048576
2025/05/21 01:54:20 [notice] 1#1: start worker processes
2025/05/21 01:54:20 [notice] 1#1: start worker process 29
2025/05/21 01:54:20 [notice] 1#1: start worker process 30
2025/05/21 01:54:20 [notice] 1#1: start worker process 31
2025/05/21 01:54:20 [notice] 1#1: start worker process 32
2025/05/21 01:54:20 [notice] 1#1: start worker process 33
2025/05/21 01:54:20 [notice] 1#1: start worker process 34
2025/05/21 01:54:20 [notice] 1#1: start worker process 35
2025/05/21 01:54:20 [notice] 1#1: start worker process 36
2025/05/21 01:55:33 [notice] 1#1: signal 3 (SIGQUIT) received, shutting down
2025/05/21 01:55:33 [notice] 29#29: gracefully shutting down
2025/05/21 01:55:33 [notice] 30#30: gracefully shutting down
2025/05/21 01:55:33 [notice] 30#30: exiting
2025/05/21 01:55:33 [notice] 35#35: gracefully shutting down
2025/05/21 01:55:33 [notice] 35#35: exiting
2025/05/21 01:55:33 [notice] 33#33: gracefully shutting down
2025/05/21 01:55:33 [notice] 31#31: gracefully shutting down
2025/05/21 01:55:33 [notice] 34#34: gracefully shutting down
2025/05/21 01:55:33 [notice] 31#31: exiting
2025/05/21 01:55:33 [notice] 36#36: gracefully shutting down
2025/05/21 01:55:33 [notice] 32#32: gracefully shutting down
2025/05/21 01:55:33 [notice] 31#31: exit
2025/05/21 01:55:33 [notice] 29#29: exiting
2025/05/21 01:55:33 [notice] 29#29: exit
2025/05/21 01:55:33 [notice] 30#30: exit
2025/05/21 01:55:33 [notice] 35#35: exit
2025/05/21 01:55:33 [notice] 33#33: exiting
2025/05/21 01:55:33 [notice] 34#34: exiting
2025/05/21 01:55:33 [notice] 36#36: exiting
2025/05/21 01:55:33 [notice] 32#32: exiting
2025/05/21 01:55:33 [notice] 33#33: exit
2025/05/21 01:55:33 [notice] 34#34: exit
2025/05/21 01:55:33 [notice] 36#36: exit
2025/05/21 01:55:33 [notice] 32#32: exit
2025/05/21 01:55:33 [notice] 1#1: signal 17 (SIGCHLD) received from 29
2025/05/21 01:55:33 [notice] 1#1: worker process 29 exited with code 0
2025/05/21 01:55:33 [notice] 1#1: worker process 33 exited with code 0
2025/05/21 01:55:33 [notice] 1#1: signal 29 (SIGIO) received
2025/05/21 01:55:33 [notice] 1#1: signal 17 (SIGCHLD) received from 31
2025/05/21 01:55:33 [notice] 1#1: worker process 30 exited with code 0
2025/05/21 01:55:33 [notice] 1#1: worker process 31 exited with code 0
2025/05/21 01:55:33 [notice] 1#1: signal 29 (SIGIO) received
2025/05/21 01:55:33 [notice] 1#1: signal 17 (SIGCHLD) received from 35
2025/05/21 01:55:33 [notice] 1#1: worker process 35 exited with code 0
2025/05/21 01:55:33 [notice] 1#1: signal 29 (SIGIO) received
2025/05/21 01:55:33 [notice] 1#1: signal 17 (SIGCHLD) received from 32
2025/05/21 01:55:33 [notice] 1#1: worker process 32 exited with code 0
2025/05/21 01:55:33 [notice] 1#1: worker process 34 exited with code 0
2025/05/21 01:55:33 [notice] 1#1: worker process 36 exited with code 0
2025/05/21 01:55:33 [notice] 1#1: exit
2025/05/21 01:55:51 [notice] 1#1: using the "epoll" event method
2025/05/21 01:55:51 [notice] 1#1: nginx/1.27.3
2025/05/21 01:55:51 [notice] 1#1: built by gcc 13.2.1 20240309 (Alpine 13.2.1_git20240309) 
2025/05/21 01:55:51 [notice] 1#1: OS: Linux 6.5.11-linuxkit
2025/05/21 01:55:51 [notice] 1#1: getrlimit(RLIMIT_NOFILE): 1048576:1048576
2025/05/21 01:55:51 [notice] 1#1: start worker processes
2025/05/21 01:55:51 [notice] 1#1: start worker process 29
2025/05/21 01:55:51 [notice] 1#1: start worker process 30
2025/05/21 01:55:51 [notice] 1#1: start worker process 31
2025/05/21 01:55:51 [notice] 1#1: start worker process 32
2025/05/21 01:55:51 [notice] 1#1: start worker process 33
2025/05/21 01:55:51 [notice] 1#1: start worker process 34
2025/05/21 01:55:51 [notice] 1#1: start worker process 35
2025/05/21 01:55:51 [notice] 1#1: start worker process 36
2025/05/21 01:59:15 [notice] 1#1: signal 3 (SIGQUIT) received, shutting down
2025/05/21 01:59:15 [notice] 31#31: gracefully shutting down
2025/05/21 01:59:15 [notice] 29#29: gracefully shutting down
2025/05/21 01:59:15 [notice] 36#36: gracefully shutting down
2025/05/21 01:59:15 [notice] 35#35: gracefully shutting down
2025/05/21 01:59:15 [notice] 33#33: gracefully shutting down
2025/05/21 01:59:15 [notice] 33#33: exiting
2025/05/21 01:59:15 [notice] 34#34: gracefully shutting down
2025/05/21 01:59:15 [notice] 33#33: exit
2025/05/21 01:59:15 [notice] 32#32: gracefully shutting down
2025/05/21 01:59:15 [notice] 30#30: gracefully shutting down
2025/05/21 01:59:15 [notice] 31#31: exiting
2025/05/21 01:59:15 [notice] 30#30: exiting
2025/05/21 01:59:15 [notice] 29#29: exiting
2025/05/21 01:59:15 [notice] 36#36: exiting
2025/05/21 01:59:15 [notice] 31#31: exit
2025/05/21 01:59:15 [notice] 35#35: exiting
2025/05/21 01:59:15 [notice] 34#34: exiting
2025/05/21 01:59:15 [notice] 32#32: exiting
2025/05/21 01:59:15 [notice] 35#35: exit
2025/05/21 01:59:15 [notice] 30#30: exit
2025/05/21 01:59:15 [notice] 29#29: exit
2025/05/21 01:59:15 [notice] 36#36: exit
2025/05/21 01:59:15 [notice] 34#34: exit
2025/05/21 01:59:15 [notice] 32#32: exit
2025/05/21 01:59:15 [notice] 1#1: signal 17 (SIGCHLD) received from 33
2025/05/21 01:59:15 [notice] 1#1: worker process 33 exited with code 0
2025/05/21 01:59:15 [notice] 1#1: signal 29 (SIGIO) received
2025/05/21 01:59:15 [notice] 1#1: signal 17 (SIGCHLD) received from 30
2025/05/21 01:59:15 [notice] 1#1: worker process 30 exited with code 0
2025/05/21 01:59:15 [notice] 1#1: signal 29 (SIGIO) received
2025/05/21 01:59:15 [notice] 1#1: signal 17 (SIGCHLD) received from 35
2025/05/21 01:59:15 [notice] 1#1: worker process 35 exited with code 0
2025/05/21 01:59:15 [notice] 1#1: signal 29 (SIGIO) received
2025/05/21 01:59:15 [notice] 1#1: signal 17 (SIGCHLD) received from 32
2025/05/21 01:59:15 [notice] 1#1: worker process 32 exited with code 0
2025/05/21 01:59:15 [notice] 1#1: worker process 31 exited with code 0
2025/05/21 01:59:15 [notice] 1#1: worker process 34 exited with code 0
2025/05/21 01:59:15 [notice] 1#1: worker process 36 exited with code 0
2025/05/21 01:59:15 [notice] 1#1: signal 29 (SIGIO) received
2025/05/21 01:59:15 [notice] 1#1: signal 17 (SIGCHLD) received from 34
2025/05/21 01:59:15 [notice] 1#1: signal 17 (SIGCHLD) received from 29
2025/05/21 01:59:15 [notice] 1#1: worker process 29 exited with code 0
2025/05/21 01:59:15 [notice] 1#1: exit
2025/05/21 01:59:21 [notice] 1#1: using the "epoll" event method
2025/05/21 01:59:21 [notice] 1#1: nginx/1.27.3
2025/05/21 01:59:21 [notice] 1#1: built by gcc 13.2.1 20240309 (Alpine 13.2.1_git20240309) 
2025/05/21 01:59:21 [notice] 1#1: OS: Linux 6.5.11-linuxkit
2025/05/21 01:59:21 [notice] 1#1: getrlimit(RLIMIT_NOFILE): 1048576:1048576
2025/05/21 01:59:21 [notice] 1#1: start worker processes
2025/05/21 01:59:21 [notice] 1#1: start worker process 29
2025/05/21 01:59:21 [notice] 1#1: start worker process 30
2025/05/21 01:59:21 [notice] 1#1: start worker process 31
2025/05/21 01:59:21 [notice] 1#1: start worker process 32
2025/05/21 01:59:21 [notice] 1#1: start worker process 33
2025/05/21 01:59:21 [notice] 1#1: start worker process 34
2025/05/21 01:59:21 [notice] 1#1: start worker process 35
2025/05/21 01:59:21 [notice] 1#1: start worker process 36
2025/05/21 02:05:16 [notice] 1#1: signal 3 (SIGQUIT) received, shutting down
2025/05/21 02:05:16 [notice] 29#29: gracefully shutting down
2025/05/21 02:05:16 [notice] 31#31: gracefully shutting down
2025/05/21 02:05:16 [notice] 29#29: exiting
2025/05/21 02:05:16 [notice] 34#34: gracefully shutting down
2025/05/21 02:05:16 [notice] 35#35: gracefully shutting down
2025/05/21 02:05:16 [notice] 36#36: gracefully shutting down
2025/05/21 02:05:16 [notice] 33#33: gracefully shutting down
2025/05/21 02:05:16 [notice] 30#30: gracefully shutting down
2025/05/21 02:05:16 [notice] 32#32: gracefully shutting down
2025/05/21 02:05:16 [notice] 32#32: exiting
2025/05/21 02:05:16 [notice] 31#31: exiting
2025/05/21 02:05:16 [notice] 31#31: exit
2025/05/21 02:05:16 [notice] 29#29: exit
2025/05/21 02:05:16 [notice] 34#34: exiting
2025/05/21 02:05:16 [notice] 35#35: exiting
2025/05/21 02:05:16 [notice] 36#36: exiting
2025/05/21 02:05:16 [notice] 33#33: exiting
2025/05/21 02:05:16 [notice] 35#35: exit
2025/05/21 02:05:16 [notice] 30#30: exiting
2025/05/21 02:05:16 [notice] 32#32: exit
2025/05/21 02:05:16 [notice] 34#34: exit
2025/05/21 02:05:16 [notice] 36#36: exit
2025/05/21 02:05:16 [notice] 33#33: exit
2025/05/21 02:05:16 [notice] 30#30: exit
2025/05/21 02:05:16 [notice] 1#1: signal 17 (SIGCHLD) received from 30
2025/05/21 02:05:16 [notice] 1#1: worker process 30 exited with code 0
2025/05/21 02:05:16 [notice] 1#1: signal 29 (SIGIO) received
2025/05/21 02:05:16 [notice] 1#1: signal 17 (SIGCHLD) received from 36
2025/05/21 02:05:16 [notice] 1#1: worker process 36 exited with code 0
2025/05/21 02:05:16 [notice] 1#1: signal 29 (SIGIO) received
2025/05/21 02:05:16 [notice] 1#1: signal 17 (SIGCHLD) received from 33
2025/05/21 02:05:16 [notice] 1#1: worker process 29 exited with code 0
2025/05/21 02:05:16 [notice] 1#1: worker process 33 exited with code 0
2025/05/21 02:05:16 [notice] 1#1: worker process 34 exited with code 0
2025/05/21 02:05:16 [notice] 1#1: signal 29 (SIGIO) received
2025/05/21 02:05:16 [notice] 1#1: signal 17 (SIGCHLD) received from 29
2025/05/21 02:05:16 [notice] 1#1: signal 17 (SIGCHLD) received from 31
2025/05/21 02:05:16 [notice] 1#1: worker process 31 exited with code 0
2025/05/21 02:05:16 [notice] 1#1: worker process 35 exited with code 0
2025/05/21 02:05:16 [notice] 1#1: signal 29 (SIGIO) received
2025/05/21 02:05:16 [notice] 1#1: signal 17 (SIGCHLD) received from 35
2025/05/21 02:05:16 [notice] 1#1: signal 17 (SIGCHLD) received from 32
2025/05/21 02:05:16 [notice] 1#1: worker process 32 exited with code 0
2025/05/21 02:05:16 [notice] 1#1: exit
2025/05/21 02:05:27 [notice] 1#1: using the "epoll" event method
2025/05/21 02:05:27 [notice] 1#1: nginx/1.27.3
2025/05/21 02:05:27 [notice] 1#1: built by gcc 13.2.1 20240309 (Alpine 13.2.1_git20240309) 
2025/05/21 02:05:27 [notice] 1#1: OS: Linux 6.5.11-linuxkit
2025/05/21 02:05:27 [notice] 1#1: getrlimit(RLIMIT_NOFILE): 1048576:1048576
2025/05/21 02:05:27 [notice] 1#1: start worker processes
2025/05/21 02:05:27 [notice] 1#1: start worker process 29
2025/05/21 02:05:27 [notice] 1#1: start worker process 30
2025/05/21 02:05:27 [notice] 1#1: start worker process 31
2025/05/21 02:05:27 [notice] 1#1: start worker process 32
2025/05/21 02:05:27 [notice] 1#1: start worker process 33
2025/05/21 02:05:27 [notice] 1#1: start worker process 34
2025/05/21 02:05:27 [notice] 1#1: start worker process 35
2025/05/21 02:05:27 [notice] 1#1: start worker process 36
2025/05/21 02:06:43 [notice] 1#1: signal 3 (SIGQUIT) received, shutting down
2025/05/21 02:06:43 [notice] 29#29: gracefully shutting down
2025/05/21 02:06:43 [notice] 33#33: gracefully shutting down
2025/05/21 02:06:43 [notice] 31#31: gracefully shutting down
2025/05/21 02:06:43 [notice] 30#30: gracefully shutting down
2025/05/21 02:06:43 [notice] 30#30: exiting
2025/05/21 02:06:43 [notice] 35#35: gracefully shutting down
2025/05/21 02:06:43 [notice] 34#34: gracefully shutting down
2025/05/21 02:06:43 [notice] 36#36: gracefully shutting down
2025/05/21 02:06:43 [notice] 36#36: exiting
2025/05/21 02:06:43 [notice] 32#32: gracefully shutting down
2025/05/21 02:06:43 [notice] 32#32: exiting
2025/05/21 02:06:43 [notice] 29#29: exiting
2025/05/21 02:06:43 [notice] 33#33: exiting
2025/05/21 02:06:43 [notice] 31#31: exiting
2025/05/21 02:06:43 [notice] 30#30: exit
2025/05/21 02:06:43 [notice] 35#35: exiting
2025/05/21 02:06:43 [notice] 34#34: exiting
2025/05/21 02:06:43 [notice] 36#36: exit
2025/05/21 02:06:43 [notice] 32#32: exit
2025/05/21 02:06:43 [notice] 29#29: exit
2025/05/21 02:06:43 [notice] 33#33: exit
2025/05/21 02:06:43 [notice] 31#31: exit
2025/05/21 02:06:43 [notice] 35#35: exit
2025/05/21 02:06:43 [notice] 34#34: exit
2025/05/21 02:06:43 [notice] 1#1: signal 17 (SIGCHLD) received from 32
2025/05/21 02:06:43 [notice] 1#1: worker process 32 exited with code 0
2025/05/21 02:06:43 [notice] 1#1: signal 29 (SIGIO) received
2025/05/21 02:06:43 [notice] 1#1: signal 17 (SIGCHLD) received from 30
2025/05/21 02:06:43 [notice] 1#1: worker process 30 exited with code 0
2025/05/21 02:06:43 [notice] 1#1: worker process 36 exited with code 0
2025/05/21 02:06:43 [notice] 1#1: signal 29 (SIGIO) received
2025/05/21 02:06:43 [notice] 1#1: signal 17 (SIGCHLD) received from 35
2025/05/21 02:06:43 [notice] 1#1: worker process 35 exited with code 0
2025/05/21 02:06:43 [notice] 1#1: signal 29 (SIGIO) received
2025/05/21 02:06:43 [notice] 1#1: signal 17 (SIGCHLD) received from 34
2025/05/21 02:06:43 [notice] 1#1: worker process 29 exited with code 0
2025/05/21 02:06:43 [notice] 1#1: worker process 31 exited with code 0
2025/05/21 02:06:43 [notice] 1#1: worker process 33 exited with code 0
2025/05/21 02:06:43 [notice] 1#1: worker process 34 exited with code 0
2025/05/21 02:06:43 [notice] 1#1: exit
2025/05/21 02:06:48 [notice] 1#1: using the "epoll" event method
2025/05/21 02:06:48 [notice] 1#1: nginx/1.27.3
2025/05/21 02:06:48 [notice] 1#1: built by gcc 13.2.1 20240309 (Alpine 13.2.1_git20240309) 
2025/05/21 02:06:48 [notice] 1#1: OS: Linux 6.5.11-linuxkit
2025/05/21 02:06:48 [notice] 1#1: getrlimit(RLIMIT_NOFILE): 1048576:1048576
2025/05/21 02:06:48 [notice] 1#1: start worker processes
2025/05/21 02:06:48 [notice] 1#1: start worker process 29
2025/05/21 02:06:48 [notice] 1#1: start worker process 30
2025/05/21 02:06:48 [notice] 1#1: start worker process 31
2025/05/21 02:06:48 [notice] 1#1: start worker process 32
2025/05/21 02:06:48 [notice] 1#1: start worker process 33
2025/05/21 02:06:48 [notice] 1#1: start worker process 34
2025/05/21 02:06:48 [notice] 1#1: start worker process 35
2025/05/21 02:06:48 [notice] 1#1: start worker process 36
2025/05/21 02:13:05 [notice] 1#1: signal 3 (SIGQUIT) received, shutting down
2025/05/21 02:13:05 [notice] 29#29: gracefully shutting down
2025/05/21 02:13:05 [notice] 30#30: gracefully shutting down
2025/05/21 02:13:05 [notice] 32#32: gracefully shutting down
2025/05/21 02:13:05 [notice] 32#32: exiting
2025/05/21 02:13:05 [notice] 34#34: gracefully shutting down
2025/05/21 02:13:05 [notice] 33#33: gracefully shutting down
2025/05/21 02:13:05 [notice] 36#36: gracefully shutting down
2025/05/21 02:13:05 [notice] 35#35: gracefully shutting down
2025/05/21 02:13:05 [notice] 31#31: gracefully shutting down
2025/05/21 02:13:05 [notice] 29#29: exiting
2025/05/21 02:13:05 [notice] 30#30: exiting
2025/05/21 02:13:05 [notice] 32#32: exit
2025/05/21 02:13:05 [notice] 33#33: exiting
2025/05/21 02:13:05 [notice] 36#36: exiting
2025/05/21 02:13:05 [notice] 35#35: exiting
2025/05/21 02:13:05 [notice] 31#31: exiting
2025/05/21 02:13:05 [notice] 29#29: exit
2025/05/21 02:13:05 [notice] 30#30: exit
2025/05/21 02:13:05 [notice] 33#33: exit
2025/05/21 02:13:05 [notice] 36#36: exit
2025/05/21 02:13:05 [notice] 35#35: exit
2025/05/21 02:13:05 [notice] 31#31: exit
2025/05/21 02:13:05 [notice] 1#1: signal 17 (SIGCHLD) received from 29
2025/05/21 02:13:05 [notice] 1#1: worker process 29 exited with code 0
2025/05/21 02:13:05 [notice] 1#1: worker process 32 exited with code 0
2025/05/21 02:13:05 [notice] 1#1: signal 29 (SIGIO) received
2025/05/21 02:13:05 [notice] 1#1: signal 17 (SIGCHLD) received from 33
2025/05/21 02:13:05 [notice] 1#1: worker process 30 exited with code 0
2025/05/21 02:13:05 [notice] 1#1: worker process 33 exited with code 0
2025/05/21 02:13:05 [notice] 1#1: signal 29 (SIGIO) received
2025/05/21 02:13:05 [notice] 1#1: signal 17 (SIGCHLD) received from 35
2025/05/21 02:13:05 [notice] 1#1: worker process 31 exited with code 0
2025/05/21 02:13:05 [notice] 1#1: worker process 35 exited with code 0
2025/05/21 02:13:05 [notice] 1#1: signal 29 (SIGIO) received
2025/05/21 02:13:05 [notice] 1#1: signal 17 (SIGCHLD) received from 36
2025/05/21 02:13:05 [notice] 1#1: worker process 36 exited with code 0
2025/05/21 02:13:05 [notice] 1#1: signal 29 (SIGIO) received
2025/05/21 02:13:21 [notice] 1#1: using the "epoll" event method
2025/05/21 02:13:21 [notice] 1#1: nginx/1.27.3
2025/05/21 02:13:21 [notice] 1#1: built by gcc 13.2.1 20240309 (Alpine 13.2.1_git20240309) 
2025/05/21 02:13:21 [notice] 1#1: OS: Linux 6.5.11-linuxkit
2025/05/21 02:13:21 [notice] 1#1: getrlimit(RLIMIT_NOFILE): 1048576:1048576
2025/05/21 02:13:21 [notice] 1#1: start worker processes
2025/05/21 02:13:21 [notice] 1#1: start worker process 29
2025/05/21 02:13:21 [notice] 1#1: start worker process 30
2025/05/21 02:13:21 [notice] 1#1: start worker process 31
2025/05/21 02:13:21 [notice] 1#1: start worker process 32
2025/05/21 02:13:21 [notice] 1#1: start worker process 33
2025/05/21 02:13:21 [notice] 1#1: start worker process 34
2025/05/21 02:13:21 [notice] 1#1: start worker process 35
2025/05/21 02:13:21 [notice] 1#1: start worker process 36
